<?xml version="1.0" encoding="UTF-8"?>
<testsuite xmlns:xsi="http://www.w3.org/2001/XMLSchema-instance" xsi:noNamespaceSchemaLocation="https://maven.apache.org/surefire/maven-surefire-plugin/xsd/surefire-test-report-3.0.xsd" version="3.0" name="TestSuite" time="0.895" tests="10" errors="0" skipped="7" failures="3">
  <properties>
    <property name="gopherProxySet" value="false"/>
    <property name="awt.toolkit" value="sun.lwawt.macosx.LWCToolkit"/>
    <property name="file.encoding.pkg" value="sun.io"/>
    <property name="java.specification.version" value="1.8"/>
    <property name="sun.cpu.isalist" value=""/>
    <property name="sun.jnu.encoding" value="UTF-8"/>
    <property name="java.class.path" value="/Users/qaysarabla/Documents/workspace_selenium/FramworkFromScratch/target/test-classes:/Users/qaysarabla/Documents/workspace_selenium/FramworkFromScratch/target/classes:/Users/qaysarabla/.m2/repository/org/seleniumhq/selenium/selenium-java/4.0.0-beta-3/selenium-java-4.0.0-beta-3.jar:/Users/qaysarabla/.m2/repository/org/seleniumhq/selenium/selenium-api/4.0.0-beta-3/selenium-api-4.0.0-beta-3.jar:/Users/qaysarabla/.m2/repository/org/seleniumhq/selenium/selenium-chrome-driver/4.0.0-beta-3/selenium-chrome-driver-4.0.0-beta-3.jar:/Users/qaysarabla/.m2/repository/com/google/auto/service/auto-service-annotations/1.0-rc7/auto-service-annotations-1.0-rc7.jar:/Users/qaysarabla/.m2/repository/com/google/auto/service/auto-service/1.0-rc7/auto-service-1.0-rc7.jar:/Users/qaysarabla/.m2/repository/com/google/auto/auto-common/0.10/auto-common-0.10.jar:/Users/qaysarabla/.m2/repository/com/google/guava/guava/30.1-jre/guava-30.1-jre.jar:/Users/qaysarabla/.m2/repository/com/google/guava/failureaccess/1.0.1/failureaccess-1.0.1.jar:/Users/qaysarabla/.m2/repository/com/google/guava/listenablefuture/9999.0-empty-to-avoid-conflict-with-guava/listenablefuture-9999.0-empty-to-avoid-conflict-with-guava.jar:/Users/qaysarabla/.m2/repository/com/google/code/findbugs/jsr305/3.0.2/jsr305-3.0.2.jar:/Users/qaysarabla/.m2/repository/org/checkerframework/checker-qual/3.5.0/checker-qual-3.5.0.jar:/Users/qaysarabla/.m2/repository/com/google/errorprone/error_prone_annotations/2.3.4/error_prone_annotations-2.3.4.jar:/Users/qaysarabla/.m2/repository/com/google/j2objc/j2objc-annotations/1.3/j2objc-annotations-1.3.jar:/Users/qaysarabla/.m2/repository/org/seleniumhq/selenium/selenium-chromium-driver/4.0.0-beta-3/selenium-chromium-driver-4.0.0-beta-3.jar:/Users/qaysarabla/.m2/repository/org/seleniumhq/selenium/selenium-devtools/4.0.0-beta-3/selenium-devtools-4.0.0-beta-3.jar:/Users/qaysarabla/.m2/repository/org/seleniumhq/selenium/selenium-http/4.0.0-beta-3/selenium-http-4.0.0-beta-3.jar:/Users/qaysarabla/.m2/repository/org/seleniumhq/selenium/selenium-json/4.0.0-beta-3/selenium-json-4.0.0-beta-3.jar:/Users/qaysarabla/.m2/repository/org/seleniumhq/selenium/selenium-devtools-v85/4.0.0-beta-3/selenium-devtools-v85-4.0.0-beta-3.jar:/Users/qaysarabla/.m2/repository/org/seleniumhq/selenium/selenium-devtools-v88/4.0.0-beta-3/selenium-devtools-v88-4.0.0-beta-3.jar:/Users/qaysarabla/.m2/repository/org/seleniumhq/selenium/selenium-devtools-v89/4.0.0-beta-3/selenium-devtools-v89-4.0.0-beta-3.jar:/Users/qaysarabla/.m2/repository/org/seleniumhq/selenium/selenium-devtools-v90/4.0.0-beta-3/selenium-devtools-v90-4.0.0-beta-3.jar:/Users/qaysarabla/.m2/repository/org/seleniumhq/selenium/selenium-devtools-v91/4.0.0-beta-3/selenium-devtools-v91-4.0.0-beta-3.jar:/Users/qaysarabla/.m2/repository/org/seleniumhq/selenium/selenium-edge-driver/4.0.0-beta-3/selenium-edge-driver-4.0.0-beta-3.jar:/Users/qaysarabla/.m2/repository/org/seleniumhq/selenium/selenium-firefox-driver/4.0.0-beta-3/selenium-firefox-driver-4.0.0-beta-3.jar:/Users/qaysarabla/.m2/repository/org/seleniumhq/selenium/selenium-firefox-xpi-driver/4.0.0-beta-3/selenium-firefox-xpi-driver-4.0.0-beta-3.jar:/Users/qaysarabla/.m2/repository/org/seleniumhq/selenium/selenium-ie-driver/4.0.0-beta-3/selenium-ie-driver-4.0.0-beta-3.jar:/Users/qaysarabla/.m2/repository/org/seleniumhq/selenium/selenium-opera-driver/4.0.0-beta-3/selenium-opera-driver-4.0.0-beta-3.jar:/Users/qaysarabla/.m2/repository/org/seleniumhq/selenium/selenium-remote-driver/4.0.0-beta-3/selenium-remote-driver-4.0.0-beta-3.jar:/Users/qaysarabla/.m2/repository/io/netty/netty-buffer/4.1.58.Final/netty-buffer-4.1.58.Final.jar:/Users/qaysarabla/.m2/repository/io/netty/netty-codec-http/4.1.58.Final/netty-codec-http-4.1.58.Final.jar:/Users/qaysarabla/.m2/repository/io/netty/netty-codec/4.1.58.Final/netty-codec-4.1.58.Final.jar:/Users/qaysarabla/.m2/repository/io/netty/netty-handler/4.1.58.Final/netty-handler-4.1.58.Final.jar:/Users/qaysarabla/.m2/repository/io/netty/netty-common/4.1.58.Final/netty-common-4.1.58.Final.jar:/Users/qaysarabla/.m2/repository/io/netty/netty-transport-native-epoll/4.1.58.Final/netty-transport-native-epoll-4.1.58.Final.jar:/Users/qaysarabla/.m2/repository/io/netty/netty-transport-native-kqueue/4.1.58.Final/netty-transport-native-kqueue-4.1.58.Final.jar:/Users/qaysarabla/.m2/repository/io/netty/netty-transport-native-unix-common/4.1.58.Final/netty-transport-native-unix-common-4.1.58.Final.jar:/Users/qaysarabla/.m2/repository/io/netty/netty-transport/4.1.58.Final/netty-transport-4.1.58.Final.jar:/Users/qaysarabla/.m2/repository/io/netty/netty-resolver/4.1.58.Final/netty-resolver-4.1.58.Final.jar:/Users/qaysarabla/.m2/repository/io/opentelemetry/opentelemetry-api/1.0.0/opentelemetry-api-1.0.0.jar:/Users/qaysarabla/.m2/repository/io/opentelemetry/opentelemetry-context/1.0.0/opentelemetry-context-1.0.0.jar:/Users/qaysarabla/.m2/repository/io/opentelemetry/opentelemetry-exporter-logging/1.0.0/opentelemetry-exporter-logging-1.0.0.jar:/Users/qaysarabla/.m2/repository/io/opentelemetry/opentelemetry-sdk-metrics/1.0.0-alpha/opentelemetry-sdk-metrics-1.0.0-alpha.jar:/Users/qaysarabla/.m2/repository/io/opentelemetry/opentelemetry-sdk-common/1.0.0/opentelemetry-sdk-common-1.0.0.jar:/Users/qaysarabla/.m2/repository/io/opentelemetry/opentelemetry-sdk-extension-autoconfigure/1.0.0-alpha/opentelemetry-sdk-extension-autoconfigure-1.0.0-alpha.jar:/Users/qaysarabla/.m2/repository/io/opentelemetry/opentelemetry-sdk-trace/1.0.0/opentelemetry-sdk-trace-1.0.0.jar:/Users/qaysarabla/.m2/repository/io/opentelemetry/opentelemetry-api-metrics/1.0.0-alpha/opentelemetry-api-metrics-1.0.0-alpha.jar:/Users/qaysarabla/.m2/repository/io/opentelemetry/opentelemetry-sdk/1.0.0/opentelemetry-sdk-1.0.0.jar:/Users/qaysarabla/.m2/repository/io/opentelemetry/opentelemetry-semconv/1.0.0-alpha/opentelemetry-semconv-1.0.0-alpha.jar:/Users/qaysarabla/.m2/repository/net/bytebuddy/byte-buddy/1.10.19/byte-buddy-1.10.19.jar:/Users/qaysarabla/.m2/repository/org/apache/commons/commons-exec/1.3/commons-exec-1.3.jar:/Users/qaysarabla/.m2/repository/org/asynchttpclient/async-http-client/2.12.2/async-http-client-2.12.2.jar:/Users/qaysarabla/.m2/repository/org/asynchttpclient/async-http-client-netty-utils/2.12.2/async-http-client-netty-utils-2.12.2.jar:/Users/qaysarabla/.m2/repository/io/netty/netty-codec-socks/4.1.53.Final/netty-codec-socks-4.1.53.Final.jar:/Users/qaysarabla/.m2/repository/io/netty/netty-handler-proxy/4.1.53.Final/netty-handler-proxy-4.1.53.Final.jar:/Users/qaysarabla/.m2/repository/io/netty/netty-transport-native-epoll/4.1.53.Final/netty-transport-native-epoll-4.1.53.Final-linux-x86_64.jar:/Users/qaysarabla/.m2/repository/io/netty/netty-transport-native-kqueue/4.1.53.Final/netty-transport-native-kqueue-4.1.53.Final-osx-x86_64.jar:/Users/qaysarabla/.m2/repository/com/typesafe/netty/netty-reactive-streams/2.0.4/netty-reactive-streams-2.0.4.jar:/Users/qaysarabla/.m2/repository/org/slf4j/slf4j-api/1.7.30/slf4j-api-1.7.30.jar:/Users/qaysarabla/.m2/repository/com/sun/activation/jakarta.activation/1.2.2/jakarta.activation-1.2.2.jar:/Users/qaysarabla/.m2/repository/org/seleniumhq/selenium/selenium-safari-driver/4.0.0-beta-3/selenium-safari-driver-4.0.0-beta-3.jar:/Users/qaysarabla/.m2/repository/org/seleniumhq/selenium/selenium-support/4.0.0-beta-3/selenium-support-4.0.0-beta-3.jar:/Users/qaysarabla/.m2/repository/org/testng/testng/7.4.0/testng-7.4.0.jar:/Users/qaysarabla/.m2/repository/com/beust/jcommander/1.78/jcommander-1.78.jar:/Users/qaysarabla/.m2/repository/org/webjars/jquery/3.5.1/jquery-3.5.1.jar:/Users/qaysarabla/.m2/repository/org/apache/logging/log4j/log4j-core/2.14.1/log4j-core-2.14.1.jar:/Users/qaysarabla/.m2/repository/org/apache/logging/log4j/log4j-api/2.14.1/log4j-api-2.14.1.jar:/Users/qaysarabla/.m2/repository/commons-io/commons-io/2.8.0/commons-io-2.8.0.jar:/Users/qaysarabla/.m2/repository/com/aventstack/extentreports/5.0.8/extentreports-5.0.8.jar:/Users/qaysarabla/.m2/repository/io/reactivex/rxjava3/rxjava/3.0.4/rxjava-3.0.4.jar:/Users/qaysarabla/.m2/repository/org/reactivestreams/reactive-streams/1.0.3/reactive-streams-1.0.3.jar:/Users/qaysarabla/.m2/repository/org/freemarker/freemarker/2.3.30/freemarker-2.3.30.jar:/Users/qaysarabla/.m2/repository/org/projectlombok/lombok/1.18.12/lombok-1.18.12.jar:/Users/qaysarabla/.m2/repository/com/google/code/gson/gson/2.8.6/gson-2.8.6.jar:"/>
    <property name="java.vm.vendor" value="Oracle Corporation"/>
    <property name="sun.arch.data.model" value="64"/>
    <property name="java.vendor.url" value="http://java.oracle.com/"/>
    <property name="user.timezone" value="Australia/Sydney"/>
    <property name="java.vm.specification.version" value="1.8"/>
    <property name="os.name" value="Mac OS X"/>
    <property name="user.country" value="AU"/>
    <property name="sun.java.launcher" value="SUN_STANDARD"/>
    <property name="sun.boot.library.path" value="/Library/Java/JavaVirtualMachines/jdk1.8.0_261.jdk/Contents/Home/jre/lib"/>
    <property name="sun.java.command" value="/Users/qaysarabla/Documents/workspace_selenium/FramworkFromScratch/target/surefire/surefirebooter3504616439436095897.jar /Users/qaysarabla/Documents/workspace_selenium/FramworkFromScratch/target/surefire 2021-05-30T12-23-10_586-jvmRun1 surefire4218777522015442924tmp surefire_08838361722336171961tmp"/>
    <property name="http.nonProxyHosts" value="local|*.local|169.254/16|*.169.254/16"/>
    <property name="surefire.test.class.path" value="/Users/qaysarabla/Documents/workspace_selenium/FramworkFromScratch/target/test-classes:/Users/qaysarabla/Documents/workspace_selenium/FramworkFromScratch/target/classes:/Users/qaysarabla/.m2/repository/org/seleniumhq/selenium/selenium-java/4.0.0-beta-3/selenium-java-4.0.0-beta-3.jar:/Users/qaysarabla/.m2/repository/org/seleniumhq/selenium/selenium-api/4.0.0-beta-3/selenium-api-4.0.0-beta-3.jar:/Users/qaysarabla/.m2/repository/org/seleniumhq/selenium/selenium-chrome-driver/4.0.0-beta-3/selenium-chrome-driver-4.0.0-beta-3.jar:/Users/qaysarabla/.m2/repository/com/google/auto/service/auto-service-annotations/1.0-rc7/auto-service-annotations-1.0-rc7.jar:/Users/qaysarabla/.m2/repository/com/google/auto/service/auto-service/1.0-rc7/auto-service-1.0-rc7.jar:/Users/qaysarabla/.m2/repository/com/google/auto/auto-common/0.10/auto-common-0.10.jar:/Users/qaysarabla/.m2/repository/com/google/guava/guava/30.1-jre/guava-30.1-jre.jar:/Users/qaysarabla/.m2/repository/com/google/guava/failureaccess/1.0.1/failureaccess-1.0.1.jar:/Users/qaysarabla/.m2/repository/com/google/guava/listenablefuture/9999.0-empty-to-avoid-conflict-with-guava/listenablefuture-9999.0-empty-to-avoid-conflict-with-guava.jar:/Users/qaysarabla/.m2/repository/com/google/code/findbugs/jsr305/3.0.2/jsr305-3.0.2.jar:/Users/qaysarabla/.m2/repository/org/checkerframework/checker-qual/3.5.0/checker-qual-3.5.0.jar:/Users/qaysarabla/.m2/repository/com/google/errorprone/error_prone_annotations/2.3.4/error_prone_annotations-2.3.4.jar:/Users/qaysarabla/.m2/repository/com/google/j2objc/j2objc-annotations/1.3/j2objc-annotations-1.3.jar:/Users/qaysarabla/.m2/repository/org/seleniumhq/selenium/selenium-chromium-driver/4.0.0-beta-3/selenium-chromium-driver-4.0.0-beta-3.jar:/Users/qaysarabla/.m2/repository/org/seleniumhq/selenium/selenium-devtools/4.0.0-beta-3/selenium-devtools-4.0.0-beta-3.jar:/Users/qaysarabla/.m2/repository/org/seleniumhq/selenium/selenium-http/4.0.0-beta-3/selenium-http-4.0.0-beta-3.jar:/Users/qaysarabla/.m2/repository/org/seleniumhq/selenium/selenium-json/4.0.0-beta-3/selenium-json-4.0.0-beta-3.jar:/Users/qaysarabla/.m2/repository/org/seleniumhq/selenium/selenium-devtools-v85/4.0.0-beta-3/selenium-devtools-v85-4.0.0-beta-3.jar:/Users/qaysarabla/.m2/repository/org/seleniumhq/selenium/selenium-devtools-v88/4.0.0-beta-3/selenium-devtools-v88-4.0.0-beta-3.jar:/Users/qaysarabla/.m2/repository/org/seleniumhq/selenium/selenium-devtools-v89/4.0.0-beta-3/selenium-devtools-v89-4.0.0-beta-3.jar:/Users/qaysarabla/.m2/repository/org/seleniumhq/selenium/selenium-devtools-v90/4.0.0-beta-3/selenium-devtools-v90-4.0.0-beta-3.jar:/Users/qaysarabla/.m2/repository/org/seleniumhq/selenium/selenium-devtools-v91/4.0.0-beta-3/selenium-devtools-v91-4.0.0-beta-3.jar:/Users/qaysarabla/.m2/repository/org/seleniumhq/selenium/selenium-edge-driver/4.0.0-beta-3/selenium-edge-driver-4.0.0-beta-3.jar:/Users/qaysarabla/.m2/repository/org/seleniumhq/selenium/selenium-firefox-driver/4.0.0-beta-3/selenium-firefox-driver-4.0.0-beta-3.jar:/Users/qaysarabla/.m2/repository/org/seleniumhq/selenium/selenium-firefox-xpi-driver/4.0.0-beta-3/selenium-firefox-xpi-driver-4.0.0-beta-3.jar:/Users/qaysarabla/.m2/repository/org/seleniumhq/selenium/selenium-ie-driver/4.0.0-beta-3/selenium-ie-driver-4.0.0-beta-3.jar:/Users/qaysarabla/.m2/repository/org/seleniumhq/selenium/selenium-opera-driver/4.0.0-beta-3/selenium-opera-driver-4.0.0-beta-3.jar:/Users/qaysarabla/.m2/repository/org/seleniumhq/selenium/selenium-remote-driver/4.0.0-beta-3/selenium-remote-driver-4.0.0-beta-3.jar:/Users/qaysarabla/.m2/repository/io/netty/netty-buffer/4.1.58.Final/netty-buffer-4.1.58.Final.jar:/Users/qaysarabla/.m2/repository/io/netty/netty-codec-http/4.1.58.Final/netty-codec-http-4.1.58.Final.jar:/Users/qaysarabla/.m2/repository/io/netty/netty-codec/4.1.58.Final/netty-codec-4.1.58.Final.jar:/Users/qaysarabla/.m2/repository/io/netty/netty-handler/4.1.58.Final/netty-handler-4.1.58.Final.jar:/Users/qaysarabla/.m2/repository/io/netty/netty-common/4.1.58.Final/netty-common-4.1.58.Final.jar:/Users/qaysarabla/.m2/repository/io/netty/netty-transport-native-epoll/4.1.58.Final/netty-transport-native-epoll-4.1.58.Final.jar:/Users/qaysarabla/.m2/repository/io/netty/netty-transport-native-kqueue/4.1.58.Final/netty-transport-native-kqueue-4.1.58.Final.jar:/Users/qaysarabla/.m2/repository/io/netty/netty-transport-native-unix-common/4.1.58.Final/netty-transport-native-unix-common-4.1.58.Final.jar:/Users/qaysarabla/.m2/repository/io/netty/netty-transport/4.1.58.Final/netty-transport-4.1.58.Final.jar:/Users/qaysarabla/.m2/repository/io/netty/netty-resolver/4.1.58.Final/netty-resolver-4.1.58.Final.jar:/Users/qaysarabla/.m2/repository/io/opentelemetry/opentelemetry-api/1.0.0/opentelemetry-api-1.0.0.jar:/Users/qaysarabla/.m2/repository/io/opentelemetry/opentelemetry-context/1.0.0/opentelemetry-context-1.0.0.jar:/Users/qaysarabla/.m2/repository/io/opentelemetry/opentelemetry-exporter-logging/1.0.0/opentelemetry-exporter-logging-1.0.0.jar:/Users/qaysarabla/.m2/repository/io/opentelemetry/opentelemetry-sdk-metrics/1.0.0-alpha/opentelemetry-sdk-metrics-1.0.0-alpha.jar:/Users/qaysarabla/.m2/repository/io/opentelemetry/opentelemetry-sdk-common/1.0.0/opentelemetry-sdk-common-1.0.0.jar:/Users/qaysarabla/.m2/repository/io/opentelemetry/opentelemetry-sdk-extension-autoconfigure/1.0.0-alpha/opentelemetry-sdk-extension-autoconfigure-1.0.0-alpha.jar:/Users/qaysarabla/.m2/repository/io/opentelemetry/opentelemetry-sdk-trace/1.0.0/opentelemetry-sdk-trace-1.0.0.jar:/Users/qaysarabla/.m2/repository/io/opentelemetry/opentelemetry-api-metrics/1.0.0-alpha/opentelemetry-api-metrics-1.0.0-alpha.jar:/Users/qaysarabla/.m2/repository/io/opentelemetry/opentelemetry-sdk/1.0.0/opentelemetry-sdk-1.0.0.jar:/Users/qaysarabla/.m2/repository/io/opentelemetry/opentelemetry-semconv/1.0.0-alpha/opentelemetry-semconv-1.0.0-alpha.jar:/Users/qaysarabla/.m2/repository/net/bytebuddy/byte-buddy/1.10.19/byte-buddy-1.10.19.jar:/Users/qaysarabla/.m2/repository/org/apache/commons/commons-exec/1.3/commons-exec-1.3.jar:/Users/qaysarabla/.m2/repository/org/asynchttpclient/async-http-client/2.12.2/async-http-client-2.12.2.jar:/Users/qaysarabla/.m2/repository/org/asynchttpclient/async-http-client-netty-utils/2.12.2/async-http-client-netty-utils-2.12.2.jar:/Users/qaysarabla/.m2/repository/io/netty/netty-codec-socks/4.1.53.Final/netty-codec-socks-4.1.53.Final.jar:/Users/qaysarabla/.m2/repository/io/netty/netty-handler-proxy/4.1.53.Final/netty-handler-proxy-4.1.53.Final.jar:/Users/qaysarabla/.m2/repository/io/netty/netty-transport-native-epoll/4.1.53.Final/netty-transport-native-epoll-4.1.53.Final-linux-x86_64.jar:/Users/qaysarabla/.m2/repository/io/netty/netty-transport-native-kqueue/4.1.53.Final/netty-transport-native-kqueue-4.1.53.Final-osx-x86_64.jar:/Users/qaysarabla/.m2/repository/com/typesafe/netty/netty-reactive-streams/2.0.4/netty-reactive-streams-2.0.4.jar:/Users/qaysarabla/.m2/repository/org/slf4j/slf4j-api/1.7.30/slf4j-api-1.7.30.jar:/Users/qaysarabla/.m2/repository/com/sun/activation/jakarta.activation/1.2.2/jakarta.activation-1.2.2.jar:/Users/qaysarabla/.m2/repository/org/seleniumhq/selenium/selenium-safari-driver/4.0.0-beta-3/selenium-safari-driver-4.0.0-beta-3.jar:/Users/qaysarabla/.m2/repository/org/seleniumhq/selenium/selenium-support/4.0.0-beta-3/selenium-support-4.0.0-beta-3.jar:/Users/qaysarabla/.m2/repository/org/testng/testng/7.4.0/testng-7.4.0.jar:/Users/qaysarabla/.m2/repository/com/beust/jcommander/1.78/jcommander-1.78.jar:/Users/qaysarabla/.m2/repository/org/webjars/jquery/3.5.1/jquery-3.5.1.jar:/Users/qaysarabla/.m2/repository/org/apache/logging/log4j/log4j-core/2.14.1/log4j-core-2.14.1.jar:/Users/qaysarabla/.m2/repository/org/apache/logging/log4j/log4j-api/2.14.1/log4j-api-2.14.1.jar:/Users/qaysarabla/.m2/repository/commons-io/commons-io/2.8.0/commons-io-2.8.0.jar:/Users/qaysarabla/.m2/repository/com/aventstack/extentreports/5.0.8/extentreports-5.0.8.jar:/Users/qaysarabla/.m2/repository/io/reactivex/rxjava3/rxjava/3.0.4/rxjava-3.0.4.jar:/Users/qaysarabla/.m2/repository/org/reactivestreams/reactive-streams/1.0.3/reactive-streams-1.0.3.jar:/Users/qaysarabla/.m2/repository/org/freemarker/freemarker/2.3.30/freemarker-2.3.30.jar:/Users/qaysarabla/.m2/repository/org/projectlombok/lombok/1.18.12/lombok-1.18.12.jar:/Users/qaysarabla/.m2/repository/com/google/code/gson/gson/2.8.6/gson-2.8.6.jar:"/>
    <property name="sun.cpu.endian" value="little"/>
    <property name="user.home" value="/Users/qaysarabla"/>
    <property name="user.language" value="en"/>
    <property name="java.specification.vendor" value="Oracle Corporation"/>
    <property name="java.home" value="/Library/Java/JavaVirtualMachines/jdk1.8.0_261.jdk/Contents/Home/jre"/>
    <property name="basedir" value="/Users/qaysarabla/Documents/workspace_selenium/FramworkFromScratch"/>
    <property name="file.separator" value="/"/>
    <property name="line.separator" value="&#10;"/>
    <property name="java.vm.specification.vendor" value="Oracle Corporation"/>
    <property name="java.specification.name" value="Java Platform API Specification"/>
    <property name="java.awt.graphicsenv" value="sun.awt.CGraphicsEnvironment"/>
    <property name="surefire.real.class.path" value="/Users/qaysarabla/Documents/workspace_selenium/FramworkFromScratch/target/surefire/surefirebooter3504616439436095897.jar"/>
    <property name="sun.boot.class.path" value="/Library/Java/JavaVirtualMachines/jdk1.8.0_261.jdk/Contents/Home/jre/lib/resources.jar:/Library/Java/JavaVirtualMachines/jdk1.8.0_261.jdk/Contents/Home/jre/lib/rt.jar:/Library/Java/JavaVirtualMachines/jdk1.8.0_261.jdk/Contents/Home/jre/lib/sunrsasign.jar:/Library/Java/JavaVirtualMachines/jdk1.8.0_261.jdk/Contents/Home/jre/lib/jsse.jar:/Library/Java/JavaVirtualMachines/jdk1.8.0_261.jdk/Contents/Home/jre/lib/jce.jar:/Library/Java/JavaVirtualMachines/jdk1.8.0_261.jdk/Contents/Home/jre/lib/charsets.jar:/Library/Java/JavaVirtualMachines/jdk1.8.0_261.jdk/Contents/Home/jre/lib/jfr.jar:/Library/Java/JavaVirtualMachines/jdk1.8.0_261.jdk/Contents/Home/jre/classes"/>
    <property name="sun.management.compiler" value="HotSpot 64-Bit Tiered Compilers"/>
    <property name="ftp.nonProxyHosts" value="local|*.local|169.254/16|*.169.254/16"/>
    <property name="java.runtime.version" value="1.8.0_261-b12"/>
    <property name="user.name" value="qaysarabla"/>
    <property name="path.separator" value=":"/>
    <property name="os.version" value="10.15.7"/>
    <property name="java.endorsed.dirs" value="/Library/Java/JavaVirtualMachines/jdk1.8.0_261.jdk/Contents/Home/jre/lib/endorsed"/>
    <property name="java.runtime.name" value="Java(TM) SE Runtime Environment"/>
    <property name="file.encoding" value="UTF-8"/>
    <property name="browser" value="headless"/>
    <property name="java.vm.name" value="Java HotSpot(TM) 64-Bit Server VM"/>
    <property name="localRepository" value="/Users/qaysarabla/.m2/repository"/>
    <property name="java.vendor.url.bug" value="http://bugreport.sun.com/bugreport/"/>
    <property name="java.io.tmpdir" value="/var/folders/7c/_f2xj9ks41d1mtzzf73pfwnw0000gn/T/"/>
    <property name="java.version" value="1.8.0_261"/>
    <property name="user.dir" value="/Users/qaysarabla/Documents/workspace_selenium/FramworkFromScratch"/>
    <property name="os.arch" value="x86_64"/>
    <property name="java.vm.specification.name" value="Java Virtual Machine Specification"/>
    <property name="java.awt.printerjob" value="sun.lwawt.macosx.CPrinterJob"/>
    <property name="sun.os.patch.level" value="unknown"/>
    <property name="java.library.path" value="/Users/qaysarabla/Library/Java/Extensions:/Library/Java/Extensions:/Network/Library/Java/Extensions:/System/Library/Java/Extensions:/usr/lib/java:."/>
    <property name="java.vm.info" value="mixed mode"/>
    <property name="java.vendor" value="Oracle Corporation"/>
    <property name="java.vm.version" value="25.261-b12"/>
    <property name="java.ext.dirs" value="/Users/qaysarabla/Library/Java/Extensions:/Library/Java/JavaVirtualMachines/jdk1.8.0_261.jdk/Contents/Home/jre/lib/ext:/Library/Java/Extensions:/Network/Library/Java/Extensions:/System/Library/Java/Extensions:/usr/lib/java"/>
    <property name="sun.io.unicode.encoding" value="UnicodeBig"/>
    <property name="java.class.version" value="52.0"/>
    <property name="socksNonProxyHosts" value="local|*.local|169.254/16|*.169.254/16"/>
  </properties>
  <testcase name="setUp" classname="academy.ValidateNavigationBar" time="0.742">
    <failure type="java.lang.NullPointerException"><![CDATA[java.lang.NullPointerException
	at academy.ValidateNavigationBar.setUp(ValidateNavigationBar.java:24)
]]></failure>
  </testcase>
  <testcase name="basePageNavigation" classname="academy.ValidateNavigationBar" time="0">
    <skipped/>
  </testcase>
  <testcase name="TearDown" classname="academy.ValidateNavigationBar" time="0">
    <skipped/>
  </testcase>
  <testcase name="setUp" classname="academy.ValidateTitle" time="0.743">
    <failure type="java.lang.NullPointerException"><![CDATA[java.lang.NullPointerException
	at academy.ValidateTitle.setUp(ValidateTitle.java:24)
]]></failure>
  </testcase>
  <testcase name="basePageNavigation" classname="academy.ValidateTitle" time="0">
    <skipped/>
  </testcase>
  <testcase name="Teardown" classname="academy.ValidateTitle" time="0">
    <skipped/>
  </testcase>
  <testcase name="setUp" classname="academy.HomePage" time="0.743">
    <failure type="java.lang.NullPointerException"><![CDATA[java.lang.NullPointerException
	at academy.HomePage.setUp(HomePage.java:28)
]]></failure>
  </testcase>
  <testcase name="basePageNavigation[nonrestirctedusers@gamil.com, 123, Restricted Users](1)" classname="academy.HomePage" time="0">
    <skipped/>
  </testcase>
  <testcase name="basePageNavigation[restirctedusers@gamil.com, 456, Non Restricted Users](2)" classname="academy.HomePage" time="0">
    <skipped/>
  </testcase>
  <testcase name="TearDown" classname="academy.HomePage" time="0">
    <skipped/>
  </testcase>
</testsuite>